2020-09-12 20:48:45,262 > INFO > JOBNAME:1599923925_2430704
2020-09-12 20:48:45,264 > INFO > CONFIG FILE:D:\scripts\GIT\Aruba_Controller_upgrade\conf_files\LAB WIRELESS UPGRADE
2020-09-12 20:48:45,547 > INFO > Starting Job
2020-09-12 20:48:45,877 > INFO > INFO:Running: 1599923925_2430704 Type:precheck
2020-09-12 20:48:46,471 > INFO > INFO:Starting Configuration LAB WIRELESS UPGRADE Validation
2020-09-12 20:48:46,536 > INFO > Inserting upgrade list to upgrade.db
2020-09-12 20:48:49,014 > INFO > yes
2020-09-12 20:48:49,014 > INFO > INFO:Starting precheck
2020-09-12 20:48:49,371 > INFO > INFO:Executing Precheck
2020-09-12 20:48:49,946 > INFO > INFO:Precheck started for : (MM) NaaS-MM-1:10.17.84.220:4343
2020-09-12 20:48:54,189 > INFO > INFO:Login Success => 10.17.84.220:4343
2020-09-12 20:48:54,239 > INFO > INFO:Executing NaaS-MM-1 - 10.17.84.220:4343 => show clock
2020-09-12 20:48:57,837 > INFO > INFO:Executing NaaS-MM-1 - 10.17.84.220:4343 => show version
2020-09-12 20:48:58,908 > INFO > INFO:Executing NaaS-MM-1 - 10.17.84.220:4343 => show image version
2020-09-12 20:48:59,959 > INFO > INFO:Executing NaaS-MM-1 - 10.17.84.220:4343 => show storage
2020-09-12 20:49:01,100 > INFO > INFO:Executing NaaS-MM-1 - 10.17.84.220:4343 => show cpuload
2020-09-12 20:49:02,577 > INFO > INFO:Executing NaaS-MM-1 - 10.17.84.220:4343 => show memory
2020-09-12 20:49:03,603 > WARNING > WARNING:Job Paused by user
2020-09-12 20:49:03,664 > DEBUG > WARNING:Job Paused by user
2020-09-12 20:52:42,022 > INFO > INFO:Executing NaaS-MM-1 - 10.17.84.220:4343 => show boot
2020-09-12 20:52:45,686 > INFO > INFO:Executing NaaS-MM-1 - 10.17.84.220:4343 => show switches
2020-09-12 20:52:46,721 > INFO > INFO:Executing NaaS-MM-1 - 10.17.84.220:4343 => show switchinfo
2020-09-12 20:52:47,886 > INFO > INFO:Executing NaaS-MM-1 - 10.17.84.220:4343 => show boot history
2020-09-12 20:52:49,159 > INFO > INFO:Executing NaaS-MM-1 - 10.17.84.220:4343 => show crypto ipsec sa
2020-09-12 20:52:50,199 > INFO > INFO:Executing NaaS-MM-1 - 10.17.84.220:4343 => show master-redundancy
2020-09-12 20:52:51,256 > INFO > INFO:Executing NaaS-MM-1 - 10.17.84.220:4343 => show database synchronize
2020-09-12 20:52:52,890 > INFO > INFO:Executing NaaS-MM-1 - 10.17.84.220:4343 => show license
2020-09-12 20:52:54,042 > INFO > INFO:Executing NaaS-MM-1 - 10.17.84.220:4343 => show running-config
2020-09-12 20:52:56,033 > INFO > INFO:Precheck started for : (MD) NaaS-VMC-1:10.17.84.221:4343
2020-09-12 20:52:59,749 > INFO > INFO:Login Success => 10.17.84.221:4343
2020-09-12 20:52:59,892 > INFO > INFO:Executing NaaS-VMC-1 - 10.17.84.221:4343 => show clock
2020-09-12 20:53:03,447 > INFO > INFO:Executing NaaS-VMC-1 - 10.17.84.221:4343 => show version
2020-09-12 20:53:04,811 > INFO > INFO:Executing NaaS-VMC-1 - 10.17.84.221:4343 => show image version
2020-09-12 20:53:06,372 > INFO > INFO:Executing NaaS-VMC-1 - 10.17.84.221:4343 => show storage
2020-09-12 20:53:07,884 > INFO > INFO:Executing NaaS-VMC-1 - 10.17.84.221:4343 => show cpuload
2020-09-12 20:53:08,934 > INFO > INFO:Executing NaaS-VMC-1 - 10.17.84.221:4343 => show memory
2020-09-12 20:53:09,966 > INFO > INFO:Executing NaaS-VMC-1 - 10.17.84.221:4343 => show boot
2020-09-12 20:53:10,998 > INFO > INFO:Executing NaaS-VMC-1 - 10.17.84.221:4343 => show switches
2020-09-12 20:53:12,080 > INFO > INFO:Executing NaaS-VMC-1 - 10.17.84.221:4343 => show switchinfo
2020-09-12 20:53:13,193 > INFO > INFO:Executing NaaS-VMC-1 - 10.17.84.221:4343 => show boot history
2020-09-12 20:53:14,366 > WARNING > WARNING:Job Paused by user
2020-09-12 20:53:14,458 > DEBUG > WARNING:Job Paused by user
2020-09-12 20:53:28,526 > INFO > INFO:Executing NaaS-VMC-1 - 10.17.84.221:4343 => show user
2020-09-12 20:53:29,546 > ERROR > ERROR:Precheck failed for => NaaS-VMC-1:10.17.84.221:4343
2020-09-12 20:53:29,570 > DEBUG > ERROR:Precheck failed for => NaaS-VMC-1:10.17.84.221:4343
2020-09-12 20:53:29,716 > ERROR > Error host pre_post_check
Traceback (most recent call last):
  File "d:\scripts\py\lib\site-packages\urllib3\connectionpool.py", line 677, in urlopen
    chunked=chunked,
  File "d:\scripts\py\lib\site-packages\urllib3\connectionpool.py", line 426, in _make_request
    six.raise_from(e, None)
  File "<string>", line 3, in raise_from
  File "d:\scripts\py\lib\site-packages\urllib3\connectionpool.py", line 421, in _make_request
    httplib_response = conn.getresponse()
  File "d:\scripts\py\lib\http\client.py", line 1321, in getresponse
    response.begin()
  File "d:\scripts\py\lib\http\client.py", line 296, in begin
    version, status, reason = self._read_status()
  File "d:\scripts\py\lib\http\client.py", line 265, in _read_status
    raise RemoteDisconnected("Remote end closed connection without"
http.client.RemoteDisconnected: Remote end closed connection without response

During handling of the above exception, another exception occurred:

Traceback (most recent call last):
  File "d:\scripts\py\lib\site-packages\requests\adapters.py", line 449, in send
    timeout=timeout
  File "d:\scripts\py\lib\site-packages\urllib3\connectionpool.py", line 725, in urlopen
    method, url, error=e, _pool=self, _stacktrace=sys.exc_info()[2]
  File "d:\scripts\py\lib\site-packages\urllib3\util\retry.py", line 403, in increment
    raise six.reraise(type(error), error, _stacktrace)
  File "d:\scripts\py\lib\site-packages\urllib3\packages\six.py", line 734, in reraise
    raise value.with_traceback(tb)
  File "d:\scripts\py\lib\site-packages\urllib3\connectionpool.py", line 677, in urlopen
    chunked=chunked,
  File "d:\scripts\py\lib\site-packages\urllib3\connectionpool.py", line 426, in _make_request
    six.raise_from(e, None)
  File "<string>", line 3, in raise_from
  File "d:\scripts\py\lib\site-packages\urllib3\connectionpool.py", line 421, in _make_request
    httplib_response = conn.getresponse()
  File "d:\scripts\py\lib\http\client.py", line 1321, in getresponse
    response.begin()
  File "d:\scripts\py\lib\http\client.py", line 296, in begin
    version, status, reason = self._read_status()
  File "d:\scripts\py\lib\http\client.py", line 265, in _read_status
    raise RemoteDisconnected("Remote end closed connection without"
urllib3.exceptions.ProtocolError: ('Connection aborted.', RemoteDisconnected('Remote end closed connection without response'))

During handling of the above exception, another exception occurred:

Traceback (most recent call last):
  File "D:\scripts\GIT\Aruba_Controller_upgrade\Aruba_Wireless_Upgrade_APP.py", line 293, in Pre_Post_check
    res = session.get(req_url,verify=False)
  File "d:\scripts\py\lib\site-packages\requests\sessions.py", line 543, in get
    return self.request('GET', url, **kwargs)
  File "d:\scripts\py\lib\site-packages\requests\sessions.py", line 530, in request
    resp = self.send(prep, **send_kwargs)
  File "d:\scripts\py\lib\site-packages\requests\sessions.py", line 643, in send
    r = adapter.send(request, **kwargs)
  File "d:\scripts\py\lib\site-packages\requests\adapters.py", line 498, in send
    raise ConnectionError(err, request=request)
requests.exceptions.ConnectionError: ('Connection aborted.', RemoteDisconnected('Remote end closed connection without response'))
2020-09-12 20:53:29,991 > INFO > INFO:Precheck Completed
2020-09-12 20:53:30,061 > INFO > INFO:==== Completed ====
2020-09-12 20:56:39,915 > INFO > JOBNAME:1599924399_810403
2020-09-12 20:56:39,916 > INFO > CONFIG FILE:D:\scripts\GIT\Aruba_Controller_upgrade\conf_files\LAB WIRELESS UPGRADE
2020-09-12 20:56:39,972 > INFO > Starting Job
2020-09-12 20:56:40,004 > INFO > INFO:Running: 1599924399_810403 Type:precheck
2020-09-12 20:56:40,301 > INFO > INFO:Starting Configuration LAB WIRELESS UPGRADE Validation
2020-09-12 20:56:40,391 > INFO > Inserting upgrade list to upgrade.db
2020-09-12 20:56:44,940 > INFO > yes
2020-09-12 20:56:44,942 > INFO > INFO:Starting precheck
2020-09-12 20:56:45,000 > INFO > INFO:Executing Precheck
2020-09-12 20:56:45,350 > INFO > INFO:Precheck started for : (MM) NaaS-MM-1:10.17.84.220:4343
2020-09-12 20:56:49,483 > INFO > INFO:Login Success => 10.17.84.220:4343
2020-09-12 20:56:49,719 > INFO > INFO:Executing NaaS-MM-1 - 10.17.84.220:4343 => show clock
2020-09-12 20:56:53,620 > INFO > INFO:Executing NaaS-MM-1 - 10.17.84.220:4343 => show version
2020-09-12 20:56:54,760 > WARNING > WARNING:Job Terminated by user
2020-09-12 20:56:54,786 > DEBUG > WARNING:Job Terminated by user
2020-09-12 20:56:54,810 > ERROR > user_pause_terminate
Traceback (most recent call last):
  File "D:\scripts\GIT\Aruba_Controller_upgrade\Aruba_Wireless_Upgrade_APP.py", line 747, in user_pause_terminate
    self.final_status["TERMINATED","Terminated by user"]
TypeError: list indices must be integers or slices, not tuple
2020-09-12 20:56:54,834 > INFO > INFO:Executing NaaS-MM-1 - 10.17.84.220:4343 => show image version
2020-09-12 20:56:55,917 > WARNING > WARNING:Job Terminated by user
2020-09-12 20:56:55,947 > DEBUG > WARNING:Job Terminated by user
2020-09-12 20:56:55,980 > ERROR > user_pause_terminate
Traceback (most recent call last):
  File "D:\scripts\GIT\Aruba_Controller_upgrade\Aruba_Wireless_Upgrade_APP.py", line 747, in user_pause_terminate
    self.final_status["TERMINATED","Terminated by user"]
TypeError: list indices must be integers or slices, not tuple
2020-09-12 20:56:56,012 > INFO > INFO:Executing NaaS-MM-1 - 10.17.84.220:4343 => show storage
2020-09-12 20:56:57,081 > WARNING > WARNING:Job Terminated by user
2020-09-12 20:56:57,107 > DEBUG > WARNING:Job Terminated by user
2020-09-12 20:56:57,132 > ERROR > user_pause_terminate
Traceback (most recent call last):
  File "D:\scripts\GIT\Aruba_Controller_upgrade\Aruba_Wireless_Upgrade_APP.py", line 747, in user_pause_terminate
    self.final_status["TERMINATED","Terminated by user"]
TypeError: list indices must be integers or slices, not tuple
2020-09-12 20:56:57,303 > INFO > INFO:Executing NaaS-MM-1 - 10.17.84.220:4343 => show cpuload
2020-09-12 20:56:58,595 > WARNING > WARNING:Job Terminated by user
2020-09-12 20:56:58,615 > DEBUG > WARNING:Job Terminated by user
2020-09-12 20:56:58,639 > ERROR > user_pause_terminate
Traceback (most recent call last):
  File "D:\scripts\GIT\Aruba_Controller_upgrade\Aruba_Wireless_Upgrade_APP.py", line 747, in user_pause_terminate
    self.final_status["TERMINATED","Terminated by user"]
TypeError: list indices must be integers or slices, not tuple
2020-09-12 20:56:58,679 > INFO > INFO:Executing NaaS-MM-1 - 10.17.84.220:4343 => show memory
2020-09-12 20:56:59,754 > WARNING > WARNING:Job Terminated by user
2020-09-12 20:56:59,801 > DEBUG > WARNING:Job Terminated by user
2020-09-12 20:56:59,833 > ERROR > user_pause_terminate
Traceback (most recent call last):
  File "D:\scripts\GIT\Aruba_Controller_upgrade\Aruba_Wireless_Upgrade_APP.py", line 747, in user_pause_terminate
    self.final_status["TERMINATED","Terminated by user"]
TypeError: list indices must be integers or slices, not tuple
2020-09-12 20:56:59,875 > INFO > INFO:Executing NaaS-MM-1 - 10.17.84.220:4343 => show boot
2020-09-12 20:57:00,957 > WARNING > WARNING:Job Terminated by user
2020-09-12 20:57:00,993 > DEBUG > WARNING:Job Terminated by user
2020-09-12 20:57:01,017 > ERROR > user_pause_terminate
Traceback (most recent call last):
  File "D:\scripts\GIT\Aruba_Controller_upgrade\Aruba_Wireless_Upgrade_APP.py", line 747, in user_pause_terminate
    self.final_status["TERMINATED","Terminated by user"]
TypeError: list indices must be integers or slices, not tuple
2020-09-12 20:57:01,049 > INFO > INFO:Executing NaaS-MM-1 - 10.17.84.220:4343 => show switches
2020-09-12 20:57:02,100 > WARNING > WARNING:Job Terminated by user
2020-09-12 20:57:02,145 > DEBUG > WARNING:Job Terminated by user
2020-09-12 20:57:02,178 > ERROR > user_pause_terminate
Traceback (most recent call last):
  File "D:\scripts\GIT\Aruba_Controller_upgrade\Aruba_Wireless_Upgrade_APP.py", line 747, in user_pause_terminate
    self.final_status["TERMINATED","Terminated by user"]
TypeError: list indices must be integers or slices, not tuple
2020-09-12 20:57:02,216 > INFO > INFO:Executing NaaS-MM-1 - 10.17.84.220:4343 => show switchinfo
2020-09-12 20:57:03,329 > WARNING > WARNING:Job Terminated by user
2020-09-12 20:57:03,362 > DEBUG > WARNING:Job Terminated by user
2020-09-12 20:57:03,394 > ERROR > user_pause_terminate
Traceback (most recent call last):
  File "D:\scripts\GIT\Aruba_Controller_upgrade\Aruba_Wireless_Upgrade_APP.py", line 747, in user_pause_terminate
    self.final_status["TERMINATED","Terminated by user"]
TypeError: list indices must be integers or slices, not tuple
2020-09-12 20:57:03,449 > INFO > INFO:Executing NaaS-MM-1 - 10.17.84.220:4343 => show boot history
2020-09-12 20:57:04,674 > WARNING > WARNING:Job Terminated by user
2020-09-12 20:57:04,687 > DEBUG > WARNING:Job Terminated by user
2020-09-12 20:57:04,703 > ERROR > user_pause_terminate
Traceback (most recent call last):
  File "D:\scripts\GIT\Aruba_Controller_upgrade\Aruba_Wireless_Upgrade_APP.py", line 747, in user_pause_terminate
    self.final_status["TERMINATED","Terminated by user"]
TypeError: list indices must be integers or slices, not tuple
2020-09-12 20:57:04,716 > INFO > INFO:Executing NaaS-MM-1 - 10.17.84.220:4343 => show crypto ipsec sa
2020-09-12 20:57:05,738 > WARNING > WARNING:Job Terminated by user
2020-09-12 20:57:05,760 > DEBUG > WARNING:Job Terminated by user
2020-09-12 20:57:05,773 > ERROR > user_pause_terminate
Traceback (most recent call last):
  File "D:\scripts\GIT\Aruba_Controller_upgrade\Aruba_Wireless_Upgrade_APP.py", line 747, in user_pause_terminate
    self.final_status["TERMINATED","Terminated by user"]
TypeError: list indices must be integers or slices, not tuple
2020-09-12 20:57:05,786 > INFO > INFO:Executing NaaS-MM-1 - 10.17.84.220:4343 => show master-redundancy
2020-09-12 20:57:06,815 > WARNING > WARNING:Job Terminated by user
2020-09-12 20:57:06,840 > DEBUG > WARNING:Job Terminated by user
2020-09-12 20:57:06,855 > ERROR > user_pause_terminate
Traceback (most recent call last):
  File "D:\scripts\GIT\Aruba_Controller_upgrade\Aruba_Wireless_Upgrade_APP.py", line 747, in user_pause_terminate
    self.final_status["TERMINATED","Terminated by user"]
TypeError: list indices must be integers or slices, not tuple
2020-09-12 20:57:07,133 > INFO > INFO:Executing NaaS-MM-1 - 10.17.84.220:4343 => show database synchronize
2020-09-12 20:57:08,350 > WARNING > WARNING:Job Terminated by user
2020-09-12 20:57:08,376 > DEBUG > WARNING:Job Terminated by user
2020-09-12 20:57:08,409 > ERROR > user_pause_terminate
Traceback (most recent call last):
  File "D:\scripts\GIT\Aruba_Controller_upgrade\Aruba_Wireless_Upgrade_APP.py", line 747, in user_pause_terminate
    self.final_status["TERMINATED","Terminated by user"]
TypeError: list indices must be integers or slices, not tuple
2020-09-12 20:57:08,445 > INFO > INFO:Executing NaaS-MM-1 - 10.17.84.220:4343 => show license
2020-09-12 20:57:09,472 > WARNING > WARNING:Job Terminated by user
2020-09-12 20:57:09,505 > DEBUG > WARNING:Job Terminated by user
2020-09-12 20:57:09,744 > ERROR > user_pause_terminate
Traceback (most recent call last):
  File "D:\scripts\GIT\Aruba_Controller_upgrade\Aruba_Wireless_Upgrade_APP.py", line 747, in user_pause_terminate
    self.final_status["TERMINATED","Terminated by user"]
TypeError: list indices must be integers or slices, not tuple
2020-09-12 20:57:09,873 > INFO > INFO:Executing NaaS-MM-1 - 10.17.84.220:4343 => show running-config
2020-09-12 20:57:11,816 > WARNING > WARNING:Job Terminated by user
2020-09-12 20:57:12,203 > DEBUG > WARNING:Job Terminated by user
2020-09-12 20:57:12,241 > ERROR > user_pause_terminate
Traceback (most recent call last):
  File "D:\scripts\GIT\Aruba_Controller_upgrade\Aruba_Wireless_Upgrade_APP.py", line 747, in user_pause_terminate
    self.final_status["TERMINATED","Terminated by user"]
TypeError: list indices must be integers or slices, not tuple
2020-09-12 20:57:12,242 > WARNING > WARNING:Job Terminated by user
2020-09-12 20:57:12,280 > DEBUG > WARNING:Job Terminated by user
2020-09-12 20:57:12,323 > ERROR > user_pause_terminate
Traceback (most recent call last):
  File "D:\scripts\GIT\Aruba_Controller_upgrade\Aruba_Wireless_Upgrade_APP.py", line 747, in user_pause_terminate
    self.final_status["TERMINATED","Terminated by user"]
TypeError: list indices must be integers or slices, not tuple
2020-09-12 20:57:12,359 > INFO > INFO:Precheck started for : (MD) NaaS-VMC-1:10.17.84.221:4343
2020-09-12 20:57:15,939 > INFO > INFO:Login Success => 10.17.84.221:4343
2020-09-12 20:57:15,966 > WARNING > WARNING:Job Terminated by user
2020-09-12 20:57:15,980 > DEBUG > WARNING:Job Terminated by user
2020-09-12 20:57:15,993 > ERROR > user_pause_terminate
Traceback (most recent call last):
  File "D:\scripts\GIT\Aruba_Controller_upgrade\Aruba_Wireless_Upgrade_APP.py", line 747, in user_pause_terminate
    self.final_status["TERMINATED","Terminated by user"]
TypeError: list indices must be integers or slices, not tuple
2020-09-12 20:57:16,008 > INFO > INFO:Executing NaaS-VMC-1 - 10.17.84.221:4343 => show clock
2020-09-12 20:57:19,624 > WARNING > WARNING:Job Terminated by user
2020-09-12 20:57:19,641 > DEBUG > WARNING:Job Terminated by user
2020-09-12 20:57:19,659 > ERROR > user_pause_terminate
Traceback (most recent call last):
  File "D:\scripts\GIT\Aruba_Controller_upgrade\Aruba_Wireless_Upgrade_APP.py", line 747, in user_pause_terminate
    self.final_status["TERMINATED","Terminated by user"]
TypeError: list indices must be integers or slices, not tuple
2020-09-12 20:57:19,675 > INFO > INFO:Executing NaaS-VMC-1 - 10.17.84.221:4343 => show version
2020-09-12 20:57:20,758 > WARNING > WARNING:Job Terminated by user
2020-09-12 20:57:20,782 > DEBUG > WARNING:Job Terminated by user
2020-09-12 20:57:20,798 > ERROR > user_pause_terminate
Traceback (most recent call last):
  File "D:\scripts\GIT\Aruba_Controller_upgrade\Aruba_Wireless_Upgrade_APP.py", line 747, in user_pause_terminate
    self.final_status["TERMINATED","Terminated by user"]
TypeError: list indices must be integers or slices, not tuple
2020-09-12 20:57:20,811 > INFO > INFO:Executing NaaS-VMC-1 - 10.17.84.221:4343 => show image version
2020-09-12 20:57:21,846 > WARNING > WARNING:Job Terminated by user
2020-09-12 20:57:21,872 > DEBUG > WARNING:Job Terminated by user
2020-09-12 20:57:21,889 > ERROR > user_pause_terminate
Traceback (most recent call last):
  File "D:\scripts\GIT\Aruba_Controller_upgrade\Aruba_Wireless_Upgrade_APP.py", line 747, in user_pause_terminate
    self.final_status["TERMINATED","Terminated by user"]
TypeError: list indices must be integers or slices, not tuple
2020-09-12 20:57:21,906 > INFO > INFO:Executing NaaS-VMC-1 - 10.17.84.221:4343 => show storage
2020-09-12 20:57:22,943 > WARNING > WARNING:Job Terminated by user
2020-09-12 20:57:22,963 > DEBUG > WARNING:Job Terminated by user
2020-09-12 20:57:22,977 > ERROR > user_pause_terminate
Traceback (most recent call last):
  File "D:\scripts\GIT\Aruba_Controller_upgrade\Aruba_Wireless_Upgrade_APP.py", line 747, in user_pause_terminate
    self.final_status["TERMINATED","Terminated by user"]
TypeError: list indices must be integers or slices, not tuple
2020-09-12 20:57:22,990 > INFO > INFO:Executing NaaS-VMC-1 - 10.17.84.221:4343 => show cpuload
2020-09-12 20:57:24,023 > WARNING > WARNING:Job Terminated by user
2020-09-12 20:57:24,038 > DEBUG > WARNING:Job Terminated by user
2020-09-12 20:57:24,053 > ERROR > user_pause_terminate
Traceback (most recent call last):
  File "D:\scripts\GIT\Aruba_Controller_upgrade\Aruba_Wireless_Upgrade_APP.py", line 747, in user_pause_terminate
    self.final_status["TERMINATED","Terminated by user"]
TypeError: list indices must be integers or slices, not tuple
2020-09-12 20:57:24,067 > INFO > INFO:Executing NaaS-VMC-1 - 10.17.84.221:4343 => show memory
2020-09-12 20:57:25,111 > WARNING > WARNING:Job Terminated by user
2020-09-12 20:57:25,125 > DEBUG > WARNING:Job Terminated by user
2020-09-12 20:57:25,139 > ERROR > user_pause_terminate
Traceback (most recent call last):
  File "D:\scripts\GIT\Aruba_Controller_upgrade\Aruba_Wireless_Upgrade_APP.py", line 747, in user_pause_terminate
    self.final_status["TERMINATED","Terminated by user"]
TypeError: list indices must be integers or slices, not tuple
2020-09-12 20:57:25,154 > INFO > INFO:Executing NaaS-VMC-1 - 10.17.84.221:4343 => show boot
2020-09-12 20:57:26,187 > WARNING > WARNING:Job Terminated by user
2020-09-12 20:57:26,394 > DEBUG > WARNING:Job Terminated by user
2020-09-12 20:57:26,555 > ERROR > user_pause_terminate
Traceback (most recent call last):
  File "D:\scripts\GIT\Aruba_Controller_upgrade\Aruba_Wireless_Upgrade_APP.py", line 747, in user_pause_terminate
    self.final_status["TERMINATED","Terminated by user"]
TypeError: list indices must be integers or slices, not tuple
2020-09-12 20:57:26,740 > INFO > INFO:Executing NaaS-VMC-1 - 10.17.84.221:4343 => show switches
2020-09-12 20:57:27,862 > WARNING > WARNING:Job Terminated by user
2020-09-12 20:57:27,886 > DEBUG > WARNING:Job Terminated by user
2020-09-12 20:57:27,960 > ERROR > user_pause_terminate
Traceback (most recent call last):
  File "D:\scripts\GIT\Aruba_Controller_upgrade\Aruba_Wireless_Upgrade_APP.py", line 747, in user_pause_terminate
    self.final_status["TERMINATED","Terminated by user"]
TypeError: list indices must be integers or slices, not tuple
2020-09-12 20:57:27,979 > INFO > INFO:Executing NaaS-VMC-1 - 10.17.84.221:4343 => show switchinfo
2020-09-12 20:57:29,032 > WARNING > WARNING:Job Terminated by user
2020-09-12 20:57:29,107 > DEBUG > WARNING:Job Terminated by user
2020-09-12 20:57:29,124 > ERROR > user_pause_terminate
Traceback (most recent call last):
  File "D:\scripts\GIT\Aruba_Controller_upgrade\Aruba_Wireless_Upgrade_APP.py", line 747, in user_pause_terminate
    self.final_status["TERMINATED","Terminated by user"]
TypeError: list indices must be integers or slices, not tuple
2020-09-12 20:57:29,140 > INFO > INFO:Executing NaaS-VMC-1 - 10.17.84.221:4343 => show boot history
2020-09-12 20:57:30,271 > WARNING > WARNING:Job Terminated by user
2020-09-12 20:57:30,335 > DEBUG > WARNING:Job Terminated by user
2020-09-12 20:57:30,351 > ERROR > user_pause_terminate
Traceback (most recent call last):
  File "D:\scripts\GIT\Aruba_Controller_upgrade\Aruba_Wireless_Upgrade_APP.py", line 747, in user_pause_terminate
    self.final_status["TERMINATED","Terminated by user"]
TypeError: list indices must be integers or slices, not tuple
2020-09-12 20:57:30,365 > INFO > INFO:Executing NaaS-VMC-1 - 10.17.84.221:4343 => show user
2020-09-12 20:57:31,439 > WARNING > WARNING:Job Terminated by user
2020-09-12 20:57:31,460 > DEBUG > WARNING:Job Terminated by user
2020-09-12 20:57:31,474 > ERROR > user_pause_terminate
Traceback (most recent call last):
  File "D:\scripts\GIT\Aruba_Controller_upgrade\Aruba_Wireless_Upgrade_APP.py", line 747, in user_pause_terminate
    self.final_status["TERMINATED","Terminated by user"]
TypeError: list indices must be integers or slices, not tuple
2020-09-12 20:57:31,487 > INFO > INFO:Executing NaaS-VMC-1 - 10.17.84.221:4343 => show ap database long
2020-09-12 20:57:33,435 > WARNING > WARNING:Job Terminated by user
2020-09-12 20:57:33,457 > DEBUG > WARNING:Job Terminated by user
2020-09-12 20:57:33,472 > ERROR > user_pause_terminate
Traceback (most recent call last):
  File "D:\scripts\GIT\Aruba_Controller_upgrade\Aruba_Wireless_Upgrade_APP.py", line 747, in user_pause_terminate
    self.final_status["TERMINATED","Terminated by user"]
TypeError: list indices must be integers or slices, not tuple
2020-09-12 20:57:33,487 > INFO > INFO:Executing NaaS-VMC-1 - 10.17.84.221:4343 => show ap bss-table
2020-09-12 20:57:35,860 > WARNING > WARNING:Job Terminated by user
2020-09-12 20:57:35,879 > DEBUG > WARNING:Job Terminated by user
2020-09-12 20:57:36,082 > ERROR > user_pause_terminate
Traceback (most recent call last):
  File "D:\scripts\GIT\Aruba_Controller_upgrade\Aruba_Wireless_Upgrade_APP.py", line 747, in user_pause_terminate
    self.final_status["TERMINATED","Terminated by user"]
TypeError: list indices must be integers or slices, not tuple
2020-09-12 20:57:36,107 > INFO > INFO:Executing NaaS-VMC-1 - 10.17.84.221:4343 => show ap essid
2020-09-12 20:57:37,092 > WARNING > WARNING:Job Terminated by user
2020-09-12 20:57:37,138 > DEBUG > WARNING:Job Terminated by user
2020-09-12 20:57:37,178 > ERROR > user_pause_terminate
Traceback (most recent call last):
  File "D:\scripts\GIT\Aruba_Controller_upgrade\Aruba_Wireless_Upgrade_APP.py", line 747, in user_pause_terminate
    self.final_status["TERMINATED","Terminated by user"]
TypeError: list indices must be integers or slices, not tuple
2020-09-12 20:57:37,204 > INFO > INFO:Executing NaaS-VMC-1 - 10.17.84.221:4343 => show ap active counters
2020-09-12 20:57:38,184 > WARNING > WARNING:Job Terminated by user
2020-09-12 20:57:38,566 > DEBUG > WARNING:Job Terminated by user
2020-09-12 20:57:38,605 > ERROR > user_pause_terminate
Traceback (most recent call last):
  File "D:\scripts\GIT\Aruba_Controller_upgrade\Aruba_Wireless_Upgrade_APP.py", line 747, in user_pause_terminate
    self.final_status["TERMINATED","Terminated by user"]
TypeError: list indices must be integers or slices, not tuple
2020-09-12 20:57:38,638 > INFO > INFO:Executing NaaS-VMC-1 - 10.17.84.221:4343 => show ap debug counters
2020-09-12 20:57:39,658 > WARNING > WARNING:Job Terminated by user
2020-09-12 20:57:39,708 > DEBUG > WARNING:Job Terminated by user
2020-09-12 20:57:39,757 > ERROR > user_pause_terminate
Traceback (most recent call last):
  File "D:\scripts\GIT\Aruba_Controller_upgrade\Aruba_Wireless_Upgrade_APP.py", line 747, in user_pause_terminate
    self.final_status["TERMINATED","Terminated by user"]
TypeError: list indices must be integers or slices, not tuple
2020-09-12 20:57:39,783 > INFO > INFO:Executing NaaS-VMC-1 - 10.17.84.221:4343 => show lc-cluster group-membership
2020-09-12 20:57:40,831 > WARNING > WARNING:Job Terminated by user
2020-09-12 20:57:41,347 > DEBUG > WARNING:Job Terminated by user
2020-09-12 20:57:41,631 > ERROR > user_pause_terminate
Traceback (most recent call last):
  File "D:\scripts\GIT\Aruba_Controller_upgrade\Aruba_Wireless_Upgrade_APP.py", line 747, in user_pause_terminate
    self.final_status["TERMINATED","Terminated by user"]
TypeError: list indices must be integers or slices, not tuple
2020-09-12 20:57:41,679 > INFO > INFO:Executing NaaS-VMC-1 - 10.17.84.221:4343 => show switches
2020-09-12 20:57:42,929 > WARNING > WARNING:Job Terminated by user
2020-09-12 20:57:42,998 > DEBUG > WARNING:Job Terminated by user
2020-09-12 20:57:43,276 > ERROR > user_pause_terminate
Traceback (most recent call last):
  File "D:\scripts\GIT\Aruba_Controller_upgrade\Aruba_Wireless_Upgrade_APP.py", line 747, in user_pause_terminate
    self.final_status["TERMINATED","Terminated by user"]
TypeError: list indices must be integers or slices, not tuple
2020-09-12 20:57:43,301 > INFO > INFO:Executing NaaS-VMC-1 - 10.17.84.221:4343 => show license
2020-09-12 20:57:44,301 > WARNING > WARNING:Job Terminated by user
2020-09-12 20:57:44,477 > DEBUG > WARNING:Job Terminated by user
2020-09-12 20:57:44,817 > ERROR > user_pause_terminate
Traceback (most recent call last):
  File "D:\scripts\GIT\Aruba_Controller_upgrade\Aruba_Wireless_Upgrade_APP.py", line 747, in user_pause_terminate
    self.final_status["TERMINATED","Terminated by user"]
TypeError: list indices must be integers or slices, not tuple
2020-09-12 20:57:45,111 > INFO > INFO:Executing NaaS-VMC-1 - 10.17.84.221:4343 => show running-config
2020-09-12 20:57:55,907 > WARNING > WARNING:Job Terminated by user
2020-09-12 20:57:55,924 > DEBUG > WARNING:Job Terminated by user
2020-09-12 20:57:55,941 > ERROR > user_pause_terminate
Traceback (most recent call last):
  File "D:\scripts\GIT\Aruba_Controller_upgrade\Aruba_Wireless_Upgrade_APP.py", line 747, in user_pause_terminate
    self.final_status["TERMINATED","Terminated by user"]
TypeError: list indices must be integers or slices, not tuple
2020-09-12 20:57:55,957 > INFO > INFO:Executing NaaS-VMC-1 - 10.17.84.221:4343 => show boot
2020-09-12 20:57:57,001 > WARNING > WARNING:Job Terminated by user
2020-09-12 20:57:57,025 > DEBUG > WARNING:Job Terminated by user
2020-09-12 20:57:57,039 > ERROR > user_pause_terminate
Traceback (most recent call last):
  File "D:\scripts\GIT\Aruba_Controller_upgrade\Aruba_Wireless_Upgrade_APP.py", line 747, in user_pause_terminate
    self.final_status["TERMINATED","Terminated by user"]
TypeError: list indices must be integers or slices, not tuple
2020-09-12 20:57:57,053 > INFO > INFO:Executing NaaS-VMC-1 - 10.17.84.221:4343 => show version
2020-09-12 20:57:58,170 > WARNING > WARNING:Job Terminated by user
2020-09-12 20:57:58,189 > DEBUG > WARNING:Job Terminated by user
2020-09-12 20:57:58,204 > ERROR > user_pause_terminate
Traceback (most recent call last):
  File "D:\scripts\GIT\Aruba_Controller_upgrade\Aruba_Wireless_Upgrade_APP.py", line 747, in user_pause_terminate
    self.final_status["TERMINATED","Terminated by user"]
TypeError: list indices must be integers or slices, not tuple
2020-09-12 20:57:58,205 > INFO > INFO:Precheck Completed
2020-09-12 20:57:58,232 > INFO > INFO:==== Completed ====
