2020-09-13 12:29:09,874 > INFO > JOBNAME:1599980349_850699
2020-09-13 12:29:09,874 > INFO > CONFIG FILE:D:\scripts\GIT\Aruba_Controller_upgrade\conf_files\LAB WIRELESS UPGRADE
2020-09-13 12:29:09,929 > INFO > Starting Job
2020-09-13 12:29:09,945 > INFO > INFO:Running: 1599980349_850699 Type:precheck,all
2020-09-13 12:29:09,960 > INFO > INFO:Starting Configuration LAB WIRELESS UPGRADE Validation
2020-09-13 12:29:09,997 > INFO > Inserting upgrade list to upgrade.db
2020-09-13 12:29:16,054 > INFO > yes
2020-09-13 12:29:16,054 > INFO > INFO:Starting precheck
2020-09-13 12:29:16,069 > INFO > INFO:Executing Precheck
2020-09-13 12:29:16,085 > ERROR > ERROR:Check execution error
2020-09-13 12:29:16,100 > DEBUG > ERROR:Check execution error
2020-09-13 12:29:16,116 > ERROR > Pre_Post_check
Traceback (most recent call last):
  File "D:\scripts\GIT\Aruba_Controller_upgrade\Aruba_Wireless_Upgrade_APP.py", line 259, in find_alternative_partition
    db_management.update_upgrade_status_by_device_host(self.upgrade_db,host_ip,"RUNNING PRECHECK","Finding alternative partition")
UnboundLocalError: local variable 'host_ip' referenced before assignment

During handling of the above exception, another exception occurred:

Traceback (most recent call last):
  File "D:\scripts\GIT\Aruba_Controller_upgrade\Aruba_Wireless_Upgrade_APP.py", line 298, in find_alternative_partition
    db_management.update_upgrade_status_by_device_host(self.upgrade_db,host_ip,_status,"Auto detect alternative disk")
UnboundLocalError: local variable 'host_ip' referenced before assignment

During handling of the above exception, another exception occurred:

Traceback (most recent call last):
  File "D:\scripts\GIT\Aruba_Controller_upgrade\Aruba_Wireless_Upgrade_APP.py", line 327, in Pre_Post_check
    _pre_status = self.find_alternative_partition()
  File "D:\scripts\GIT\Aruba_Controller_upgrade\Aruba_Wireless_Upgrade_APP.py", line 303, in find_alternative_partition
    data = {"device_type":host_type,"host_name":host_name,"host":host_ip,"validation":"Alternative Disk","precheck":str(disk),"precheck_remark":_status,"precheck_note":_status}
UnboundLocalError: local variable 'host_type' referenced before assignment
2020-09-13 12:29:16,117 > INFO > INFO:Precheck Completed
2020-09-13 12:29:22,155 > WARNING > WARNING:TERMINATED User aborted the upgrade
2020-09-13 12:29:22,187 > DEBUG > WARNING:TERMINATED User aborted the upgrade
2020-09-13 12:29:22,230 > INFO > INFO:==== Completed ====
