2020-09-12 19:09:46,825 > INFO > JOBNAME:1599917986_794506
2020-09-12 19:09:46,826 > INFO > CONFIG FILE:D:\scripts\GIT\Aruba_Controller_upgrade\conf_files\LAB WIRELESS UPGRADE
2020-09-12 19:09:46,863 > INFO > Starting Job
2020-09-12 19:09:46,880 > INFO > INFO:Running: 1599917986_794506 Type:precheck
2020-09-12 19:09:46,899 > INFO > INFO:Starting Configuration LAB WIRELESS UPGRADE Validation
2020-09-12 19:09:46,967 > INFO > Inserting upgrade list to upgrade.db
2020-09-12 19:09:51,031 > INFO > yes
2020-09-12 19:09:51,031 > INFO > INFO:Starting precheck
2020-09-12 19:09:51,090 > INFO > INFO:Executing Precheck
2020-09-12 19:09:51,162 > INFO > INFO:Precheck started for : (MM) NaaS-MM-1:10.17.84.220:4343
2020-09-12 19:09:54,033 > INFO > INFO:Login Success => 10.17.84.220:4343
2020-09-12 19:09:54,127 > WARNING > WARNING:Job Paused by user
2020-09-12 19:09:54,162 > DEBUG > WARNING:Job Paused by user
2020-09-12 19:09:54,203 > ERROR > user_pause_terminate
Traceback (most recent call last):
  File "D:\scripts\GIT\Aruba_Controller_upgrade\Aruba_Wireless_Upgrade_APP.py", line 752, in user_pause_terminate
    sleep(2)
NameError: name 'sleep' is not defined
2020-09-12 19:09:54,250 > INFO > INFO:Executing NaaS-MM-1 - 10.17.84.220:4343 => show clock
2020-09-12 19:09:56,901 > WARNING > WARNING:Job Paused by user
2020-09-12 19:09:56,922 > DEBUG > WARNING:Job Paused by user
2020-09-12 19:09:56,941 > ERROR > user_pause_terminate
Traceback (most recent call last):
  File "D:\scripts\GIT\Aruba_Controller_upgrade\Aruba_Wireless_Upgrade_APP.py", line 752, in user_pause_terminate
    sleep(2)
NameError: name 'sleep' is not defined
2020-09-12 19:09:56,967 > INFO > INFO:Executing NaaS-MM-1 - 10.17.84.220:4343 => show version
2020-09-12 19:09:57,924 > WARNING > WARNING:Job Paused by user
2020-09-12 19:09:58,888 > DEBUG > WARNING:Job Paused by user
2020-09-12 19:09:58,911 > ERROR > user_pause_terminate
Traceback (most recent call last):
  File "D:\scripts\GIT\Aruba_Controller_upgrade\Aruba_Wireless_Upgrade_APP.py", line 752, in user_pause_terminate
    sleep(2)
NameError: name 'sleep' is not defined
2020-09-12 19:09:58,926 > INFO > INFO:Executing NaaS-MM-1 - 10.17.84.220:4343 => show image version
2020-09-12 19:09:59,570 > WARNING > WARNING:Job Paused by user
2020-09-12 19:10:00,890 > DEBUG > WARNING:Job Paused by user
2020-09-12 19:10:00,950 > ERROR > user_pause_terminate
Traceback (most recent call last):
  File "D:\scripts\GIT\Aruba_Controller_upgrade\Aruba_Wireless_Upgrade_APP.py", line 752, in user_pause_terminate
    sleep(2)
NameError: name 'sleep' is not defined
2020-09-12 19:10:00,966 > INFO > INFO:Executing NaaS-MM-1 - 10.17.84.220:4343 => show storage
2020-09-12 19:10:01,608 > WARNING > WARNING:Job Paused by user
2020-09-12 19:10:03,057 > DEBUG > WARNING:Job Paused by user
2020-09-12 19:10:03,080 > ERROR > user_pause_terminate
Traceback (most recent call last):
  File "D:\scripts\GIT\Aruba_Controller_upgrade\Aruba_Wireless_Upgrade_APP.py", line 752, in user_pause_terminate
    sleep(2)
NameError: name 'sleep' is not defined
2020-09-12 19:10:03,102 > INFO > INFO:Executing NaaS-MM-1 - 10.17.84.220:4343 => show cpuload
2020-09-12 19:10:04,068 > WARNING > WARNING:Job Paused by user
2020-09-12 19:10:05,287 > DEBUG > WARNING:Job Paused by user
2020-09-12 19:10:05,385 > ERROR > user_pause_terminate
Traceback (most recent call last):
  File "D:\scripts\GIT\Aruba_Controller_upgrade\Aruba_Wireless_Upgrade_APP.py", line 752, in user_pause_terminate
    sleep(2)
NameError: name 'sleep' is not defined
2020-09-12 19:10:05,417 > INFO > INFO:Executing NaaS-MM-1 - 10.17.84.220:4343 => show memory
2020-09-12 19:10:06,326 > WARNING > WARNING:Job Paused by user
2020-09-12 19:10:07,381 > DEBUG > WARNING:Job Paused by user
2020-09-12 19:10:07,409 > ERROR > user_pause_terminate
Traceback (most recent call last):
  File "D:\scripts\GIT\Aruba_Controller_upgrade\Aruba_Wireless_Upgrade_APP.py", line 752, in user_pause_terminate
    sleep(2)
NameError: name 'sleep' is not defined
2020-09-12 19:10:07,441 > INFO > INFO:Executing NaaS-MM-1 - 10.17.84.220:4343 => show boot
2020-09-12 19:10:08,279 > WARNING > WARNING:Job Paused by user
2020-09-12 19:10:09,430 > DEBUG > WARNING:Job Paused by user
2020-09-12 19:10:09,459 > ERROR > user_pause_terminate
Traceback (most recent call last):
  File "D:\scripts\GIT\Aruba_Controller_upgrade\Aruba_Wireless_Upgrade_APP.py", line 752, in user_pause_terminate
    sleep(2)
NameError: name 'sleep' is not defined
2020-09-12 19:10:09,492 > INFO > INFO:Executing NaaS-MM-1 - 10.17.84.220:4343 => show switches
2020-09-12 19:10:10,128 > WARNING > WARNING:Job Paused by user
2020-09-12 19:10:11,358 > DEBUG > WARNING:Job Paused by user
2020-09-12 19:10:11,398 > ERROR > user_pause_terminate
Traceback (most recent call last):
  File "D:\scripts\GIT\Aruba_Controller_upgrade\Aruba_Wireless_Upgrade_APP.py", line 752, in user_pause_terminate
    sleep(2)
NameError: name 'sleep' is not defined
2020-09-12 19:10:11,438 > INFO > INFO:Executing NaaS-MM-1 - 10.17.84.220:4343 => show switchinfo
2020-09-12 19:10:12,266 > WARNING > WARNING:Job Paused by user
2020-09-12 19:10:12,302 > DEBUG > WARNING:Job Paused by user
2020-09-12 19:10:12,333 > ERROR > user_pause_terminate
Traceback (most recent call last):
  File "D:\scripts\GIT\Aruba_Controller_upgrade\Aruba_Wireless_Upgrade_APP.py", line 752, in user_pause_terminate
    sleep(2)
NameError: name 'sleep' is not defined
2020-09-12 19:10:12,365 > INFO > INFO:Executing NaaS-MM-1 - 10.17.84.220:4343 => show boot history
2020-09-12 19:10:13,299 > WARNING > WARNING:Job Paused by user
2020-09-12 19:10:14,447 > DEBUG > WARNING:Job Paused by user
2020-09-12 19:10:14,479 > ERROR > user_pause_terminate
Traceback (most recent call last):
  File "D:\scripts\GIT\Aruba_Controller_upgrade\Aruba_Wireless_Upgrade_APP.py", line 752, in user_pause_terminate
    sleep(2)
NameError: name 'sleep' is not defined
2020-09-12 19:10:14,511 > INFO > INFO:Executing NaaS-MM-1 - 10.17.84.220:4343 => show crypto ipsec sa
2020-09-12 19:10:15,147 > WARNING > WARNING:Job Paused by user
2020-09-12 19:10:15,192 > DEBUG > WARNING:Job Paused by user
2020-09-12 19:10:15,228 > ERROR > user_pause_terminate
Traceback (most recent call last):
  File "D:\scripts\GIT\Aruba_Controller_upgrade\Aruba_Wireless_Upgrade_APP.py", line 752, in user_pause_terminate
    sleep(2)
NameError: name 'sleep' is not defined
2020-09-12 19:10:15,296 > INFO > INFO:Executing NaaS-MM-1 - 10.17.84.220:4343 => show master-redundancy
2020-09-12 19:10:16,155 > WARNING > WARNING:Job Paused by user
2020-09-12 19:10:16,185 > DEBUG > WARNING:Job Paused by user
2020-09-12 19:10:16,216 > ERROR > user_pause_terminate
Traceback (most recent call last):
  File "D:\scripts\GIT\Aruba_Controller_upgrade\Aruba_Wireless_Upgrade_APP.py", line 752, in user_pause_terminate
    sleep(2)
NameError: name 'sleep' is not defined
2020-09-12 19:10:16,248 > INFO > INFO:Executing NaaS-MM-1 - 10.17.84.220:4343 => show database synchronize
2020-09-12 19:10:17,178 > WARNING > WARNING:Job Paused by user
2020-09-12 19:10:17,215 > DEBUG > WARNING:Job Paused by user
2020-09-12 19:10:17,255 > ERROR > user_pause_terminate
Traceback (most recent call last):
  File "D:\scripts\GIT\Aruba_Controller_upgrade\Aruba_Wireless_Upgrade_APP.py", line 752, in user_pause_terminate
    sleep(2)
NameError: name 'sleep' is not defined
2020-09-12 19:10:17,296 > INFO > INFO:Executing NaaS-MM-1 - 10.17.84.220:4343 => show license
2020-09-12 19:10:18,405 > WARNING > WARNING:Job Paused by user
2020-09-12 19:10:18,456 > DEBUG > WARNING:Job Paused by user
2020-09-12 19:10:18,489 > ERROR > user_pause_terminate
Traceback (most recent call last):
  File "D:\scripts\GIT\Aruba_Controller_upgrade\Aruba_Wireless_Upgrade_APP.py", line 752, in user_pause_terminate
    sleep(2)
NameError: name 'sleep' is not defined
2020-09-12 19:10:18,522 > INFO > INFO:Executing NaaS-MM-1 - 10.17.84.220:4343 => show running-config
2020-09-12 19:10:22,944 > WARNING > WARNING:Job Paused by user
2020-09-12 19:10:22,962 > DEBUG > WARNING:Job Paused by user
2020-09-12 19:10:22,980 > ERROR > user_pause_terminate
Traceback (most recent call last):
  File "D:\scripts\GIT\Aruba_Controller_upgrade\Aruba_Wireless_Upgrade_APP.py", line 752, in user_pause_terminate
    sleep(2)
NameError: name 'sleep' is not defined
2020-09-12 19:10:22,982 > WARNING > WARNING:Job Paused by user
2020-09-12 19:10:22,999 > DEBUG > WARNING:Job Paused by user
2020-09-12 19:10:23,016 > ERROR > user_pause_terminate
Traceback (most recent call last):
  File "D:\scripts\GIT\Aruba_Controller_upgrade\Aruba_Wireless_Upgrade_APP.py", line 752, in user_pause_terminate
    sleep(2)
NameError: name 'sleep' is not defined
2020-09-12 19:10:23,033 > INFO > INFO:Precheck started for : (MD) NaaS-VMC-1:10.17.84.221:4343
2020-09-12 19:10:25,981 > INFO > INFO:Login Success => 10.17.84.221:4343
2020-09-12 19:10:26,032 > WARNING > WARNING:Job Paused by user
2020-09-12 19:10:26,051 > DEBUG > WARNING:Job Paused by user
2020-09-12 19:10:26,071 > ERROR > user_pause_terminate
Traceback (most recent call last):
  File "D:\scripts\GIT\Aruba_Controller_upgrade\Aruba_Wireless_Upgrade_APP.py", line 752, in user_pause_terminate
    sleep(2)
NameError: name 'sleep' is not defined
2020-09-12 19:10:26,090 > INFO > INFO:Executing NaaS-VMC-1 - 10.17.84.221:4343 => show clock
2020-09-12 19:10:28,439 > WARNING > WARNING:Job Paused by user
2020-09-12 19:10:28,475 > DEBUG > WARNING:Job Paused by user
2020-09-12 19:10:28,494 > ERROR > user_pause_terminate
Traceback (most recent call last):
  File "D:\scripts\GIT\Aruba_Controller_upgrade\Aruba_Wireless_Upgrade_APP.py", line 752, in user_pause_terminate
    sleep(2)
NameError: name 'sleep' is not defined
2020-09-12 19:10:28,512 > INFO > INFO:Executing NaaS-VMC-1 - 10.17.84.221:4343 => show version
2020-09-12 19:10:29,260 > WARNING > WARNING:Job Paused by user
2020-09-12 19:10:30,180 > DEBUG > WARNING:Job Paused by user
2020-09-12 19:10:30,200 > ERROR > user_pause_terminate
Traceback (most recent call last):
  File "D:\scripts\GIT\Aruba_Controller_upgrade\Aruba_Wireless_Upgrade_APP.py", line 752, in user_pause_terminate
    sleep(2)
NameError: name 'sleep' is not defined
2020-09-12 19:10:30,225 > INFO > INFO:Executing NaaS-VMC-1 - 10.17.84.221:4343 => show image version
2020-09-12 19:10:31,106 > WARNING > WARNING:Job Paused by user
2020-09-12 19:10:32,382 > DEBUG > WARNING:Job Paused by user
2020-09-12 19:10:32,422 > ERROR > user_pause_terminate
Traceback (most recent call last):
  File "D:\scripts\GIT\Aruba_Controller_upgrade\Aruba_Wireless_Upgrade_APP.py", line 752, in user_pause_terminate
    sleep(2)
NameError: name 'sleep' is not defined
2020-09-12 19:10:32,439 > INFO > INFO:Executing NaaS-VMC-1 - 10.17.84.221:4343 => show storage
2020-09-12 19:10:33,361 > WARNING > WARNING:Job Paused by user
2020-09-12 19:10:34,019 > DEBUG > WARNING:Job Paused by user
2020-09-12 19:10:34,059 > ERROR > user_pause_terminate
Traceback (most recent call last):
  File "D:\scripts\GIT\Aruba_Controller_upgrade\Aruba_Wireless_Upgrade_APP.py", line 752, in user_pause_terminate
    sleep(2)
NameError: name 'sleep' is not defined
2020-09-12 19:10:34,081 > INFO > INFO:Executing NaaS-VMC-1 - 10.17.84.221:4343 => show cpuload
2020-09-12 19:10:34,993 > WARNING > WARNING:Job Paused by user
2020-09-12 19:10:35,748 > DEBUG > WARNING:Job Paused by user
2020-09-12 19:10:35,765 > ERROR > user_pause_terminate
Traceback (most recent call last):
  File "D:\scripts\GIT\Aruba_Controller_upgrade\Aruba_Wireless_Upgrade_APP.py", line 752, in user_pause_terminate
    sleep(2)
NameError: name 'sleep' is not defined
2020-09-12 19:10:35,781 > INFO > INFO:Executing NaaS-VMC-1 - 10.17.84.221:4343 => show memory
2020-09-12 19:10:36,839 > WARNING > WARNING:Job Paused by user
2020-09-12 19:10:37,503 > DEBUG > WARNING:Job Paused by user
2020-09-12 19:10:37,521 > ERROR > user_pause_terminate
Traceback (most recent call last):
  File "D:\scripts\GIT\Aruba_Controller_upgrade\Aruba_Wireless_Upgrade_APP.py", line 752, in user_pause_terminate
    sleep(2)
NameError: name 'sleep' is not defined
2020-09-12 19:10:37,538 > INFO > INFO:Executing NaaS-VMC-1 - 10.17.84.221:4343 => show boot
2020-09-12 19:10:38,273 > WARNING > WARNING:Job Paused by user
2020-09-12 19:10:38,296 > DEBUG > WARNING:Job Paused by user
2020-09-12 19:10:38,319 > ERROR > user_pause_terminate
Traceback (most recent call last):
  File "D:\scripts\GIT\Aruba_Controller_upgrade\Aruba_Wireless_Upgrade_APP.py", line 752, in user_pause_terminate
    sleep(2)
NameError: name 'sleep' is not defined
2020-09-12 19:10:38,342 > INFO > INFO:Executing NaaS-VMC-1 - 10.17.84.221:4343 => show switches
2020-09-12 19:10:39,096 > WARNING > WARNING:Job Paused by user
2020-09-12 19:10:39,136 > DEBUG > WARNING:Job Paused by user
2020-09-12 19:10:39,161 > ERROR > user_pause_terminate
Traceback (most recent call last):
  File "D:\scripts\GIT\Aruba_Controller_upgrade\Aruba_Wireless_Upgrade_APP.py", line 752, in user_pause_terminate
    sleep(2)
NameError: name 'sleep' is not defined
2020-09-12 19:10:39,184 > INFO > INFO:Executing NaaS-VMC-1 - 10.17.84.221:4343 => show switchinfo
2020-09-12 19:10:39,941 > INFO > INFO:Executing NaaS-VMC-1 - 10.17.84.221:4343 => show boot history
2020-09-12 19:10:40,755 > INFO > INFO:Executing NaaS-VMC-1 - 10.17.84.221:4343 => show user
2020-09-12 19:10:42,395 > INFO > INFO:Executing NaaS-VMC-1 - 10.17.84.221:4343 => show ap database long
2020-09-12 19:10:44,416 > INFO > INFO:Executing NaaS-VMC-1 - 10.17.84.221:4343 => show ap bss-table
2020-09-12 19:10:46,365 > INFO > INFO:Executing NaaS-VMC-1 - 10.17.84.221:4343 => show ap essid
2020-09-12 19:10:47,980 > INFO > INFO:Executing NaaS-VMC-1 - 10.17.84.221:4343 => show ap active counters
2020-09-12 19:10:48,890 > INFO > INFO:Executing NaaS-VMC-1 - 10.17.84.221:4343 => show ap debug counters
2020-09-12 19:10:49,574 > INFO > INFO:Executing NaaS-VMC-1 - 10.17.84.221:4343 => show lc-cluster group-membership
2020-09-12 19:10:50,387 > INFO > INFO:Executing NaaS-VMC-1 - 10.17.84.221:4343 => show switches
2020-09-12 19:10:51,215 > INFO > INFO:Executing NaaS-VMC-1 - 10.17.84.221:4343 => show license
2020-09-12 19:10:51,877 > INFO > INFO:Executing NaaS-VMC-1 - 10.17.84.221:4343 => show running-config
2020-09-12 19:10:52,860 > INFO > INFO:Executing NaaS-VMC-1 - 10.17.84.221:4343 => show boot
2020-09-12 19:10:53,515 > INFO > INFO:Executing NaaS-VMC-1 - 10.17.84.221:4343 => show version
2020-09-12 19:10:54,511 > INFO > INFO:Precheck Completed
2020-09-12 19:10:55,405 > INFO > INFO:==== Completed ====
