2020-09-13 12:11:04,216 > INFO > JOBNAME:1599979264_1962142
2020-09-13 12:11:04,216 > INFO > CONFIG FILE:D:\scripts\GIT\Aruba_Controller_upgrade\conf_files\LAB WIRELESS UPGRADE
2020-09-13 12:11:04,269 > INFO > Starting Job
2020-09-13 12:11:04,283 > INFO > INFO:Running: 1599979264_1962142 Type:precheck,all
2020-09-13 12:11:04,298 > INFO > INFO:Starting Configuration LAB WIRELESS UPGRADE Validation
2020-09-13 12:11:04,334 > INFO > Inserting upgrade list to upgrade.db
2020-09-13 12:11:10,388 > INFO > yes
2020-09-13 12:11:10,389 > INFO > INFO:Starting precheck
2020-09-13 12:11:10,446 > INFO > INFO:Executing Precheck
2020-09-13 12:11:10,462 > INFO > INFO:Installation Disk Auto not provided for 10.17.84.220:4343 , Trying to auto detect
2020-09-13 12:11:10,478 > INFO > INFO:None-10.17.84.220:4343 : Auto detect alternative partition failed
2020-09-13 12:11:10,495 > ERROR > ERROR:Check execution error
2020-09-13 12:11:10,508 > DEBUG > ERROR:Check execution error
2020-09-13 12:11:10,521 > ERROR > Pre_Post_check
Traceback (most recent call last):
  File "D:\scripts\GIT\Aruba_Controller_upgrade\Aruba_Wireless_Upgrade_APP.py", line 275, in find_alternative_partition
    out = self.execute_cmd(single_host,["show image version"])
NameError: name 'single_host' is not defined

During handling of the above exception, another exception occurred:

Traceback (most recent call last):
  File "D:\scripts\GIT\Aruba_Controller_upgrade\Aruba_Wireless_Upgrade_APP.py", line 326, in Pre_Post_check
    _pre_status = self.find_alternative_partition()
  File "D:\scripts\GIT\Aruba_Controller_upgrade\Aruba_Wireless_Upgrade_APP.py", line 299, in find_alternative_partition
    logger.exception("Auto detect alternative partition failed")
NameError: name 'logger' is not defined
2020-09-13 12:11:10,521 > INFO > INFO:Precheck Completed
