2020-09-13 12:22:04,830 > INFO > JOBNAME:1599979924_8044019
2020-09-13 12:22:04,830 > INFO > CONFIG FILE:D:\scripts\GIT\Aruba_Controller_upgrade\conf_files\LAB WIRELESS UPGRADE
2020-09-13 12:22:04,881 > INFO > Starting Job
2020-09-13 12:22:04,896 > INFO > INFO:Running: 1599979924_8044019 Type:precheck,all
2020-09-13 12:22:04,912 > INFO > INFO:Starting Configuration LAB WIRELESS UPGRADE Validation
2020-09-13 12:22:04,952 > INFO > Inserting upgrade list to upgrade.db
2020-09-13 12:22:09,008 > INFO > yes
2020-09-13 12:22:09,008 > INFO > INFO:Starting precheck
2020-09-13 12:22:09,038 > INFO > INFO:Executing Precheck
2020-09-13 12:22:09,055 > INFO > INFO:Installation Disk Auto not provided for 10.17.84.220:4343 , Trying to auto detect
2020-09-13 12:22:14,956 > INFO > INFO:Login Success => 10.17.84.220:4343
2020-09-13 12:22:17,712 > INFO > INFO:None-10.17.84.220:4343 : Auto detect alternative partition failed
2020-09-13 12:22:17,745 > ERROR > ERROR:Check execution error
2020-09-13 12:22:17,761 > DEBUG > ERROR:Check execution error
2020-09-13 12:22:17,776 > ERROR > Pre_Post_check
Traceback (most recent call last):
  File "D:\scripts\GIT\Aruba_Controller_upgrade\Aruba_Wireless_Upgrade_APP.py", line 278, in find_alternative_partition
    out = cmd_out.get("show boot")
NameError: name 'cmd_out' is not defined

During handling of the above exception, another exception occurred:

Traceback (most recent call last):
  File "D:\scripts\GIT\Aruba_Controller_upgrade\Aruba_Wireless_Upgrade_APP.py", line 326, in Pre_Post_check
    _pre_status = self.find_alternative_partition()
  File "D:\scripts\GIT\Aruba_Controller_upgrade\Aruba_Wireless_Upgrade_APP.py", line 299, in find_alternative_partition
    logger.exception("Auto detect alternative partition failed")
NameError: name 'logger' is not defined
2020-09-13 12:22:17,776 > INFO > INFO:Precheck Completed
2020-09-13 12:22:21,815 > INFO > INFO:Total upgrade hosts:2
2020-09-13 12:22:21,834 > INFO > INFO:MM: Preparing for host NaaS-MM-1 IP: 10.17.84.220:4343
2020-09-13 12:22:22,649 > INFO > INFO:Session Valid : 10.17.84.220:4343
2020-09-13 12:22:23,446 > ERROR > validate_image_upload
Traceback (most recent call last):
  File "D:\scripts\GIT\Aruba_Controller_upgrade\Aruba_Wireless_Upgrade_APP.py", line 450, in validate_image_upload
    if int(disk) == int(first_partition):
TypeError: int() argument must be a string, a bytes-like object or a number, not 'NoneType'
2020-09-13 12:22:23,446 > INFO > INFO:MD: Preparing for host NaaS-VMC-1 IP: 10.17.84.221:4343
2020-09-13 12:22:29,598 > INFO > INFO:Login Success => 10.17.84.221:4343
2020-09-13 12:22:32,221 > ERROR > validate_image_upload
Traceback (most recent call last):
  File "D:\scripts\GIT\Aruba_Controller_upgrade\Aruba_Wireless_Upgrade_APP.py", line 450, in validate_image_upload
    if int(disk) == int(first_partition):
TypeError: int() argument must be a string, a bytes-like object or a number, not 'NoneType'
2020-09-13 12:23:36,309 > INFO > INFO:STARTING AP IMAGE PRELOAD FOR NaaS-VMC-1-10.17.84.221:4343 FROM DISK:None MAX AP:1
2020-09-13 12:23:36,329 > ERROR > AP_IMAGE_PRELOAD: 
Traceback (most recent call last):
  File "D:\scripts\GIT\Aruba_Controller_upgrade\Aruba_Wireless_Upgrade_APP.py", line 657, in AP_IMAGE_PRELOAD
    while last_skip == False and valid_state == False:
NameError: name 'last_skip' is not defined
2020-09-13 12:23:36,330 > INFO > INFO:Starting Upgrade
2020-09-13 12:23:40,375 > INFO > no
2020-09-13 12:23:40,376 > WARNING > WARNING:TERMINATED User aborted the postcheck
2020-09-13 12:23:40,390 > DEBUG > WARNING:TERMINATED User aborted the postcheck
2020-09-13 12:23:40,418 > INFO > INFO:==== Completed ====
