2020-09-12 19:14:34,903 > INFO > JOBNAME:1599918274_880928
2020-09-12 19:14:34,903 > INFO > CONFIG FILE:D:\scripts\GIT\Aruba_Controller_upgrade\conf_files\LAB WIRELESS UPGRADE
2020-09-12 19:14:34,943 > INFO > Starting Job
2020-09-12 19:14:34,962 > INFO > INFO:Running: 1599918274_880928 Type:precheck
2020-09-12 19:14:34,981 > INFO > INFO:Starting Configuration LAB WIRELESS UPGRADE Validation
2020-09-12 19:14:35,039 > INFO > Inserting upgrade list to upgrade.db
2020-09-12 19:14:39,097 > INFO > yes
2020-09-12 19:14:39,097 > INFO > INFO:Starting precheck
2020-09-12 19:14:40,170 > INFO > INFO:Executing Precheck
2020-09-12 19:14:40,238 > INFO > INFO:Precheck started for : (MM) NaaS-MM-1:10.17.84.220:4343
2020-09-12 19:14:42,600 > INFO > INFO:Login Success => 10.17.84.220:4343
2020-09-12 19:14:42,675 > WARNING > WARNING:Job Paused by user
2020-09-12 19:14:42,713 > DEBUG > WARNING:Job Paused by user
2020-09-12 19:14:42,745 > ERROR > user_pause_terminate
Traceback (most recent call last):
  File "D:\scripts\GIT\Aruba_Controller_upgrade\Aruba_Wireless_Upgrade_APP.py", line 752, in user_pause_terminate
    sleep(2)
NameError: name 'sleep' is not defined
2020-09-12 19:14:42,834 > INFO > INFO:Executing NaaS-MM-1 - 10.17.84.220:4343 => show clock
2020-09-12 19:14:45,465 > WARNING > WARNING:Job Paused by user
2020-09-12 19:14:46,059 > DEBUG > WARNING:Job Paused by user
2020-09-12 19:14:46,094 > ERROR > user_pause_terminate
Traceback (most recent call last):
  File "D:\scripts\GIT\Aruba_Controller_upgrade\Aruba_Wireless_Upgrade_APP.py", line 752, in user_pause_terminate
    sleep(2)
NameError: name 'sleep' is not defined
2020-09-12 19:14:46,117 > INFO > INFO:Executing NaaS-MM-1 - 10.17.84.220:4343 => show version
2020-09-12 19:14:46,829 > WARNING > WARNING:Job Paused by user
2020-09-12 19:14:47,397 > DEBUG > WARNING:Job Paused by user
2020-09-12 19:14:47,415 > ERROR > user_pause_terminate
Traceback (most recent call last):
  File "D:\scripts\GIT\Aruba_Controller_upgrade\Aruba_Wireless_Upgrade_APP.py", line 752, in user_pause_terminate
    sleep(2)
NameError: name 'sleep' is not defined
2020-09-12 19:14:47,429 > INFO > INFO:Executing NaaS-MM-1 - 10.17.84.220:4343 => show image version
2020-09-12 19:14:48,332 > WARNING > WARNING:Job Paused by user
2020-09-12 19:14:48,798 > DEBUG > WARNING:Job Paused by user
2020-09-12 19:14:48,818 > ERROR > user_pause_terminate
Traceback (most recent call last):
  File "D:\scripts\GIT\Aruba_Controller_upgrade\Aruba_Wireless_Upgrade_APP.py", line 752, in user_pause_terminate
    sleep(2)
NameError: name 'sleep' is not defined
2020-09-12 19:14:48,839 > INFO > INFO:Executing NaaS-MM-1 - 10.17.84.220:4343 => show storage
2020-09-12 19:14:49,769 > WARNING > WARNING:Job Paused by user
2020-09-12 19:14:49,979 > DEBUG > WARNING:Job Paused by user
2020-09-12 19:14:50,108 > ERROR > user_pause_terminate
Traceback (most recent call last):
  File "D:\scripts\GIT\Aruba_Controller_upgrade\Aruba_Wireless_Upgrade_APP.py", line 752, in user_pause_terminate
    sleep(2)
NameError: name 'sleep' is not defined
2020-09-12 19:14:50,355 > INFO > INFO:Executing NaaS-MM-1 - 10.17.84.220:4343 => show cpuload
2020-09-12 19:14:51,408 > WARNING > WARNING:Job Paused by user
2020-09-12 19:14:51,472 > DEBUG > WARNING:Job Paused by user
2020-09-12 19:14:51,504 > ERROR > user_pause_terminate
Traceback (most recent call last):
  File "D:\scripts\GIT\Aruba_Controller_upgrade\Aruba_Wireless_Upgrade_APP.py", line 752, in user_pause_terminate
    sleep(2)
NameError: name 'sleep' is not defined
2020-09-12 19:14:51,565 > INFO > INFO:Executing NaaS-MM-1 - 10.17.84.220:4343 => show memory
2020-09-12 19:14:52,310 > WARNING > WARNING:Job Paused by user
2020-09-12 19:14:52,353 > DEBUG > WARNING:Job Paused by user
2020-09-12 19:14:52,385 > ERROR > user_pause_terminate
Traceback (most recent call last):
  File "D:\scripts\GIT\Aruba_Controller_upgrade\Aruba_Wireless_Upgrade_APP.py", line 752, in user_pause_terminate
    sleep(2)
NameError: name 'sleep' is not defined
2020-09-12 19:14:52,434 > INFO > INFO:Executing NaaS-MM-1 - 10.17.84.220:4343 => show boot
2020-09-12 19:14:53,247 > WARNING > WARNING:Job Paused by user
2020-09-12 19:14:53,298 > DEBUG > WARNING:Job Paused by user
2020-09-12 19:14:53,442 > ERROR > user_pause_terminate
Traceback (most recent call last):
  File "D:\scripts\GIT\Aruba_Controller_upgrade\Aruba_Wireless_Upgrade_APP.py", line 752, in user_pause_terminate
    sleep(2)
NameError: name 'sleep' is not defined
2020-09-12 19:14:53,737 > INFO > INFO:Executing NaaS-MM-1 - 10.17.84.220:4343 => show switches
2020-09-12 19:14:54,892 > WARNING > WARNING:Job Paused by user
2020-09-12 19:14:55,764 > DEBUG > WARNING:Job Paused by user
2020-09-12 19:14:56,215 > ERROR > user_pause_terminate
Traceback (most recent call last):
  File "D:\scripts\GIT\Aruba_Controller_upgrade\Aruba_Wireless_Upgrade_APP.py", line 752, in user_pause_terminate
    sleep(2)
NameError: name 'sleep' is not defined
2020-09-12 19:14:56,254 > INFO > INFO:Executing NaaS-MM-1 - 10.17.84.220:4343 => show switchinfo
2020-09-12 19:14:57,346 > WARNING > WARNING:Job Paused by user
2020-09-12 19:14:57,392 > DEBUG > WARNING:Job Paused by user
2020-09-12 19:14:57,432 > ERROR > user_pause_terminate
Traceback (most recent call last):
  File "D:\scripts\GIT\Aruba_Controller_upgrade\Aruba_Wireless_Upgrade_APP.py", line 752, in user_pause_terminate
    sleep(2)
NameError: name 'sleep' is not defined
2020-09-12 19:14:57,469 > INFO > INFO:Executing NaaS-MM-1 - 10.17.84.220:4343 => show boot history
2020-09-12 19:14:58,633 > WARNING > WARNING:Job Paused by user
2020-09-12 19:14:58,849 > DEBUG > WARNING:Job Paused by user
2020-09-12 19:14:59,150 > ERROR > user_pause_terminate
Traceback (most recent call last):
  File "D:\scripts\GIT\Aruba_Controller_upgrade\Aruba_Wireless_Upgrade_APP.py", line 752, in user_pause_terminate
    sleep(2)
NameError: name 'sleep' is not defined
2020-09-12 19:14:59,307 > INFO > INFO:Executing NaaS-MM-1 - 10.17.84.220:4343 => show crypto ipsec sa
2020-09-12 19:15:00,215 > WARNING > WARNING:Job Paused by user
2020-09-12 19:15:00,706 > DEBUG > WARNING:Job Paused by user
2020-09-12 19:15:00,994 > ERROR > user_pause_terminate
Traceback (most recent call last):
  File "D:\scripts\GIT\Aruba_Controller_upgrade\Aruba_Wireless_Upgrade_APP.py", line 752, in user_pause_terminate
    sleep(2)
NameError: name 'sleep' is not defined
2020-09-12 19:15:01,454 > INFO > INFO:Executing NaaS-MM-1 - 10.17.84.220:4343 => show master-redundancy
2020-09-12 19:15:02,873 > WARNING > WARNING:Job Paused by user
2020-09-12 19:15:02,905 > DEBUG > WARNING:Job Paused by user
2020-09-12 19:15:03,075 > ERROR > user_pause_terminate
Traceback (most recent call last):
  File "D:\scripts\GIT\Aruba_Controller_upgrade\Aruba_Wireless_Upgrade_APP.py", line 752, in user_pause_terminate
    sleep(2)
NameError: name 'sleep' is not defined
2020-09-12 19:15:03,447 > INFO > INFO:Executing NaaS-MM-1 - 10.17.84.220:4343 => show database synchronize
2020-09-12 19:15:04,276 > WARNING > WARNING:Job Paused by user
2020-09-12 19:15:04,330 > DEBUG > WARNING:Job Paused by user
2020-09-12 19:15:04,376 > ERROR > user_pause_terminate
Traceback (most recent call last):
  File "D:\scripts\GIT\Aruba_Controller_upgrade\Aruba_Wireless_Upgrade_APP.py", line 752, in user_pause_terminate
    sleep(2)
NameError: name 'sleep' is not defined
2020-09-12 19:15:04,416 > INFO > INFO:Executing NaaS-MM-1 - 10.17.84.220:4343 => show license
2020-09-12 19:15:05,132 > WARNING > WARNING:Job Paused by user
2020-09-12 19:15:05,161 > DEBUG > WARNING:Job Paused by user
2020-09-12 19:15:05,194 > ERROR > user_pause_terminate
Traceback (most recent call last):
  File "D:\scripts\GIT\Aruba_Controller_upgrade\Aruba_Wireless_Upgrade_APP.py", line 752, in user_pause_terminate
    sleep(2)
NameError: name 'sleep' is not defined
2020-09-12 19:15:05,240 > INFO > INFO:Executing NaaS-MM-1 - 10.17.84.220:4343 => show running-config
2020-09-12 19:15:07,078 > WARNING > WARNING:Job Paused by user
2020-09-12 19:15:07,114 > DEBUG > WARNING:Job Paused by user
2020-09-12 19:15:07,152 > ERROR > user_pause_terminate
Traceback (most recent call last):
  File "D:\scripts\GIT\Aruba_Controller_upgrade\Aruba_Wireless_Upgrade_APP.py", line 752, in user_pause_terminate
    sleep(2)
NameError: name 'sleep' is not defined
2020-09-12 19:15:07,154 > WARNING > WARNING:Job Paused by user
2020-09-12 19:15:07,202 > DEBUG > WARNING:Job Paused by user
2020-09-12 19:15:07,241 > ERROR > user_pause_terminate
Traceback (most recent call last):
  File "D:\scripts\GIT\Aruba_Controller_upgrade\Aruba_Wireless_Upgrade_APP.py", line 752, in user_pause_terminate
    sleep(2)
NameError: name 'sleep' is not defined
2020-09-12 19:15:07,280 > INFO > INFO:Precheck started for : (MD) NaaS-VMC-1:10.17.84.221:4343
2020-09-12 19:15:10,245 > INFO > INFO:Login Success => 10.17.84.221:4343
2020-09-12 19:15:10,292 > WARNING > WARNING:Job Paused by user
2020-09-12 19:15:10,309 > DEBUG > WARNING:Job Paused by user
2020-09-12 19:15:10,326 > ERROR > user_pause_terminate
Traceback (most recent call last):
  File "D:\scripts\GIT\Aruba_Controller_upgrade\Aruba_Wireless_Upgrade_APP.py", line 752, in user_pause_terminate
    sleep(2)
NameError: name 'sleep' is not defined
2020-09-12 19:15:10,342 > INFO > INFO:Executing NaaS-VMC-1 - 10.17.84.221:4343 => show clock
2020-09-12 19:15:12,504 > WARNING > WARNING:Job Paused by user
2020-09-12 19:15:12,540 > DEBUG > WARNING:Job Paused by user
2020-09-12 19:15:12,561 > ERROR > user_pause_terminate
Traceback (most recent call last):
  File "D:\scripts\GIT\Aruba_Controller_upgrade\Aruba_Wireless_Upgrade_APP.py", line 752, in user_pause_terminate
    sleep(2)
NameError: name 'sleep' is not defined
2020-09-12 19:15:12,582 > INFO > INFO:Executing NaaS-VMC-1 - 10.17.84.221:4343 => show version
2020-09-12 19:15:13,319 > WARNING > WARNING:Job Paused by user
2020-09-12 19:15:13,345 > DEBUG > WARNING:Job Paused by user
2020-09-12 19:15:13,365 > ERROR > user_pause_terminate
Traceback (most recent call last):
  File "D:\scripts\GIT\Aruba_Controller_upgrade\Aruba_Wireless_Upgrade_APP.py", line 752, in user_pause_terminate
    sleep(2)
NameError: name 'sleep' is not defined
2020-09-12 19:15:13,513 > INFO > INFO:Executing NaaS-VMC-1 - 10.17.84.221:4343 => show image version
2020-09-12 19:15:14,756 > WARNING > WARNING:Job Paused by user
2020-09-12 19:15:14,786 > DEBUG > WARNING:Job Paused by user
2020-09-12 19:15:14,816 > ERROR > user_pause_terminate
Traceback (most recent call last):
  File "D:\scripts\GIT\Aruba_Controller_upgrade\Aruba_Wireless_Upgrade_APP.py", line 752, in user_pause_terminate
    sleep(2)
NameError: name 'sleep' is not defined
2020-09-12 19:15:14,928 > INFO > INFO:Executing NaaS-VMC-1 - 10.17.84.221:4343 => show storage
2020-09-12 19:15:15,587 > WARNING > WARNING:Job Paused by user
2020-09-12 19:15:15,614 > DEBUG > WARNING:Job Paused by user
2020-09-12 19:15:15,632 > ERROR > user_pause_terminate
Traceback (most recent call last):
  File "D:\scripts\GIT\Aruba_Controller_upgrade\Aruba_Wireless_Upgrade_APP.py", line 752, in user_pause_terminate
    sleep(2)
NameError: name 'sleep' is not defined
2020-09-12 19:15:15,646 > INFO > INFO:Executing NaaS-VMC-1 - 10.17.84.221:4343 => show cpuload
2020-09-12 19:15:16,623 > INFO > INFO:Executing NaaS-VMC-1 - 10.17.84.221:4343 => show memory
2020-09-12 19:15:17,253 > INFO > INFO:Executing NaaS-VMC-1 - 10.17.84.221:4343 => show boot
2020-09-12 19:15:18,358 > INFO > INFO:Executing NaaS-VMC-1 - 10.17.84.221:4343 => show switches
2020-09-12 19:15:19,053 > WARNING > WARNING:Job Paused by user
2020-09-12 19:15:19,078 > DEBUG > WARNING:Job Paused by user
2020-09-12 19:15:19,111 > ERROR > user_pause_terminate
Traceback (most recent call last):
  File "D:\scripts\GIT\Aruba_Controller_upgrade\Aruba_Wireless_Upgrade_APP.py", line 752, in user_pause_terminate
    sleep(2)
NameError: name 'sleep' is not defined
2020-09-12 19:15:19,201 > INFO > INFO:Executing NaaS-VMC-1 - 10.17.84.221:4343 => show switchinfo
2020-09-12 19:15:20,077 > WARNING > WARNING:Job Paused by user
2020-09-12 19:15:20,105 > DEBUG > WARNING:Job Paused by user
2020-09-12 19:15:20,129 > ERROR > user_pause_terminate
Traceback (most recent call last):
  File "D:\scripts\GIT\Aruba_Controller_upgrade\Aruba_Wireless_Upgrade_APP.py", line 752, in user_pause_terminate
    sleep(2)
NameError: name 'sleep' is not defined
2020-09-12 19:15:20,153 > INFO > INFO:Executing NaaS-VMC-1 - 10.17.84.221:4343 => show boot history
2020-09-12 19:15:21,308 > WARNING > WARNING:Job Paused by user
2020-09-12 19:15:21,338 > DEBUG > WARNING:Job Paused by user
2020-09-12 19:15:21,363 > ERROR > user_pause_terminate
Traceback (most recent call last):
  File "D:\scripts\GIT\Aruba_Controller_upgrade\Aruba_Wireless_Upgrade_APP.py", line 752, in user_pause_terminate
    sleep(2)
NameError: name 'sleep' is not defined
2020-09-12 19:15:21,395 > INFO > INFO:Executing NaaS-VMC-1 - 10.17.84.221:4343 => show user
2020-09-12 19:15:22,129 > WARNING > WARNING:Job Paused by user
2020-09-12 19:15:22,171 > DEBUG > WARNING:Job Paused by user
2020-09-12 19:15:22,202 > ERROR > user_pause_terminate
Traceback (most recent call last):
  File "D:\scripts\GIT\Aruba_Controller_upgrade\Aruba_Wireless_Upgrade_APP.py", line 752, in user_pause_terminate
    sleep(2)
NameError: name 'sleep' is not defined
2020-09-12 19:15:22,227 > INFO > INFO:Executing NaaS-VMC-1 - 10.17.84.221:4343 => show ap database long
